<?xml version="1.0" encoding="UTF-8"?>
<!-- Generated by org.testng.reporters.JUnitXMLReporter -->
<testsuite hostname="LAPTOP-31SKV446" ignored="0" name="testngTest2" tests="2" failures="1" timestamp="10 Aug 2019 14:22:24 GMT" time="7.066" errors="0">
  <testcase name="subtract" time="0.005" classname="testCases.HomePageTest">
    <failure type="java.lang.AssertionError" message="expected [true] but found [false]">
      <![CDATA[java.lang.AssertionError: expected [true] but found [false]
at testCases.HomePageTest.subtract(HomePageTest.java:35)
... Removed 31 stack frames]]>
    </failure>
  </testcase> <!-- subtract -->
  <testcase name="sum" time="5.724" classname="testCases.HomePageTest"/>
</testsuite> <!-- testngTest2 -->
