<?xml version="1.0" encoding="UTF-8"?>
<!-- Generated by org.testng.reporters.JUnitXMLReporter -->
<testsuite hostname="LAPTOP-31SKV446" ignored="0" name="testngTest" tests="7" failures="5" timestamp="10 Aug 2019 14:22:17 GMT" time="18.235" errors="0">
  <testcase name="subtract1" time="0.0" classname="testCases.LoginTest">
    <failure type="java.lang.AssertionError" message="expected [true] but found [false]">
      <![CDATA[java.lang.AssertionError: expected [true] but found [false]
at testCases.LoginTest.subtract1(LoginTest.java:40)
... Removed 31 stack frames]]>
    </failure>
  </testcase> <!-- subtract1 -->
  <testcase name="subtract2" time="0.002" classname="testCases.LoginTest"/>
  <testcase name="subtract3" time="0.001" classname="testCases.LoginTest">
    <failure type="java.lang.AssertionError" message="expected [true] but found [false]">
      <![CDATA[java.lang.AssertionError: expected [true] but found [false]
at testCases.LoginTest.subtract3(LoginTest.java:48)
... Removed 31 stack frames]]>
    </failure>
  </testcase> <!-- subtract3 -->
  <testcase name="subtract4" time="0.0" classname="testCases.LoginTest">
    <failure type="java.lang.AssertionError" message="expected [true] but found [false]">
      <![CDATA[java.lang.AssertionError: expected [true] but found [false]
at testCases.LoginTest.subtract4(LoginTest.java:52)
... Removed 31 stack frames]]>
    </failure>
  </testcase> <!-- subtract4 -->
  <testcase name="subtract5" time="0.0" classname="testCases.LoginTest">
    <failure type="java.lang.AssertionError" message="expected [true] but found [false]">
      <![CDATA[java.lang.AssertionError: expected [true] but found [false]
at testCases.LoginTest.subtract5(LoginTest.java:56)
... Removed 31 stack frames]]>
    </failure>
  </testcase> <!-- subtract5 -->
  <testcase name="subtract6" time="0.0" classname="testCases.LoginTest">
    <failure type="java.lang.AssertionError" message="expected [true] but found [false]">
      <![CDATA[java.lang.AssertionError: expected [true] but found [false]
at testCases.LoginTest.subtract6(LoginTest.java:60)
... Removed 31 stack frames]]>
    </failure>
  </testcase> <!-- subtract6 -->
  <testcase name="sum" time="5.894" classname="testCases.LoginTest"/>
</testsuite> <!-- testngTest -->
